<?xml version="1.0" encoding="UTF-8"?>
<!-- Generated by org.testng.reporters.JUnitXMLReporter -->
<testsuite hostname="venkay32" ignored="4" name="Test Two" tests="2" failures="0" timestamp="26 Sep 2019 11:40:24 GMT" time="3.831" errors="0">
  <testcase name="testmethodtwo" time="0.033" classname="com.TestNGOnePack.webdriver.ClassOne"/>
  <testcase name="testmethodone" time="3.768" classname="com.TestNGTwoPack.webdriver.ClassTwo"/>
  <testcase name="@AfterSuite tearDown" time="0.0" classname="com.TestNGOnePack.webdriver.BaseClassOne">
    <ignored/>
  </testcase> <!-- @AfterSuite tearDown -->
  <testcase name="testmethodone" time="0.0" classname="com.TestNGOnePack.webdriver.ClassOne">
    <ignored/>
  </testcase> <!-- testmethodone -->
  <testcase name="@BeforeSuite setup" time="0.0" classname="com.TestNGOnePack.webdriver.BaseClassOne">
    <ignored/>
  </testcase> <!-- @BeforeSuite setup -->
  <testcase name="testmethodtwo" time="0.0" classname="com.TestNGTwoPack.webdriver.ClassTwo">
    <ignored/>
  </testcase> <!-- testmethodtwo -->
</testsuite> <!-- Test Two -->
