<?xml version="1.0" encoding="UTF-8"?>
<!-- Generated by org.testng.reporters.JUnitXMLReporter -->
<testsuite hostname="venkay32" ignored="2" name="Test Three" tests="2" failures="0" timestamp="25 Sep 2019 08:20:24 GMT" time="1.135" errors="0">
  <testcase name="testmethodone" time="1.101" classname="com.TestNGThreePack.webdriver.ClassTwo"/>
  <testcase name="testmethodone" time="0.022" classname="com.TestNGThreePack.webdriver.ClassOne"/>
  <testcase name="@AfterSuite tearDown" time="0.0" classname="com.TestNGOnePack.webdriver.BaseClassOne">
    <ignored/>
  </testcase> <!-- @AfterSuite tearDown -->
  <testcase name="@BeforeSuite setup" time="0.0" classname="com.TestNGOnePack.webdriver.BaseClassOne">
    <ignored/>
  </testcase> <!-- @BeforeSuite setup -->
</testsuite> <!-- Test Three -->
