<?xml version="1.0" encoding="UTF-8"?>
<!-- Generated by org.testng.reporters.JUnitXMLReporter -->
<testsuite hostname="venkay32" ignored="0" name="Test One" tests="2" failures="1" timestamp="01 Oct 2019 10:25:32 GMT" time="14.221" errors="0">
  <testcase name="assertNotNull1" time="0.133" classname="com.TestNGAssertions.webdriver.AssertNotNull">
    <failure type="java.lang.AssertionError" message="expected object to not be null">
      <![CDATA[java.lang.AssertionError: expected object to not be null
at com.TestNGAssertions.webdriver.AssertNotNull.assertNotNull1(AssertNotNull.java:42)
... Removed 28 stack frames]]>
    </failure>
  </testcase> <!-- assertNotNull1 -->
  <testcase name="assertNotNull2" time="0.077" classname="com.TestNGAssertions.webdriver.AssertNotNull"/>
</testsuite> <!-- Test One -->
