<?xml version="1.0" encoding="UTF-8"?>
<!-- Generated by org.testng.reporters.JUnitXMLReporter -->
<testsuite hostname="venkay32" ignored="0" name="Simple Login Test by DP" tests="4" failures="3" timestamp="27 Sep 2019 07:41:52 GMT" time="13.775" errors="0">
  <testcase name="LogIn_Test" time="0.697" classname="com.TestNGScripts.webdriver.DDTbyDataProvider"/>
  <testcase name="LogIn_Test" time="0.494" classname="com.TestNGScripts.webdriver.DDTbyDataProvider">
    <failure type="org.openqa.selenium.NoAlertPresentException" message="No modal dialog is currently open
Build info: version: &amp;apos;3.4.0&amp;apos;, revision: &amp;apos;unknown&amp;apos;, time: &amp;apos;unknown&amp;apos;
System info: host: &amp;apos;VENKAY32&amp;apos;, ip: &amp;apos;9.236.42.245&amp;apos;, os.name: &amp;apos;Windows 10&amp;apos;, os.arch: &amp;apos;amd64&amp;apos;, os.version: &amp;apos;10.0&amp;apos;, java.version: &amp;apos;1.8.0_171&amp;apos;
Driver info: org.openqa.selenium.firefox.FirefoxDriver
Capabilities [{moz:profile=C:\Users\VenkatakrishnaY\AppData\Local\Temp\rust_mozprofile.CxNfMvBi4oEs, rotatable=false, timeouts={implicit=0.0, pageLoad=300000.0, script=30000.0}, pageLoadStrategy=normal, moz:headless=false, platform=ANY, specificationLevel=0.0, moz:accessibilityChecks=false, acceptInsecureCerts=false, browserVersion=56.0, platformVersion=10.0, moz:processID=17020.0, browserName=firefox, javascriptEnabled=true, platformName=windows_nt}]
Session ID: 2215c2ae-1dad-421d-83be-8f9f65721ee6">
      <![CDATA[org.openqa.selenium.NoAlertPresentException: No modal dialog is currently open
Build info: version: '3.4.0', revision: 'unknown', time: 'unknown'
System info: host: 'VENKAY32', ip: '9.236.42.245', os.name: 'Windows 10', os.arch: 'amd64', os.version: '10.0', java.version: '1.8.0_171'
Driver info: org.openqa.selenium.firefox.FirefoxDriver
Capabilities [{moz:profile=C:\Users\VenkatakrishnaY\AppData\Local\Temp\rust_mozprofile.CxNfMvBi4oEs, rotatable=false, timeouts={implicit=0.0, pageLoad=300000.0, script=30000.0}, pageLoadStrategy=normal, moz:headless=false, platform=ANY, specificationLevel=0.0, moz:accessibilityChecks=false, acceptInsecureCerts=false, browserVersion=56.0, platformVersion=10.0, moz:processID=17020.0, browserName=firefox, javascriptEnabled=true, platformName=windows_nt}]
Session ID: 2215c2ae-1dad-421d-83be-8f9f65721ee6
at org.openqa.selenium.remote.http.W3CHttpResponseCodec.createException(W3CHttpResponseCodec.java:150)
at org.openqa.selenium.remote.http.W3CHttpResponseCodec.decode(W3CHttpResponseCodec.java:115)
at org.openqa.selenium.remote.http.W3CHttpResponseCodec.decode(W3CHttpResponseCodec.java:45)
at org.openqa.selenium.remote.HttpCommandExecutor.execute(HttpCommandExecutor.java:164)
at org.openqa.selenium.remote.service.DriverCommandExecutor.execute(DriverCommandExecutor.java:82)
at org.openqa.selenium.remote.RemoteWebDriver.execute(RemoteWebDriver.java:637)
at org.openqa.selenium.remote.RemoteWebDriver.execute(RemoteWebDriver.java:694)
at org.openqa.selenium.remote.RemoteWebDriver$RemoteTargetLocator.alert(RemoteWebDriver.java:1020)
at com.TestNGScripts.webdriver.DDTbyDataProvider.LogIn_Test(DDTbyDataProvider.java:62)
... Removed 29 stack frames]]>
    </failure>
  </testcase> <!-- LogIn_Test -->
  <testcase name="LogIn_Test" time="0.024" classname="com.TestNGScripts.webdriver.DDTbyDataProvider">
    <failure type="org.openqa.selenium.UnhandledAlertException" message=": 
Build info: version: &amp;apos;3.4.0&amp;apos;, revision: &amp;apos;unknown&amp;apos;, time: &amp;apos;unknown&amp;apos;
System info: host: &amp;apos;VENKAY32&amp;apos;, ip: &amp;apos;9.236.42.245&amp;apos;, os.name: &amp;apos;Windows 10&amp;apos;, os.arch: &amp;apos;amd64&amp;apos;, os.version: &amp;apos;10.0&amp;apos;, java.version: &amp;apos;1.8.0_171&amp;apos;
Driver info: org.openqa.selenium.firefox.FirefoxDriver
Capabilities [{moz:profile=C:\Users\VenkatakrishnaY\AppData\Local\Temp\rust_mozprofile.CxNfMvBi4oEs, rotatable=false, timeouts={implicit=0.0, pageLoad=300000.0, script=30000.0}, pageLoadStrategy=normal, moz:headless=false, platform=ANY, specificationLevel=0.0, moz:accessibilityChecks=false, acceptInsecureCerts=false, browserVersion=56.0, platformVersion=10.0, moz:processID=17020.0, browserName=firefox, javascriptEnabled=true, platformName=windows_nt}]
Session ID: 2215c2ae-1dad-421d-83be-8f9f65721ee6
*** Element info: {Using=xpath, value=//input[@name=&amp;apos;userid&amp;apos;]}">
      <![CDATA[org.openqa.selenium.UnhandledAlertException: : 
Build info: version: '3.4.0', revision: 'unknown', time: 'unknown'
System info: host: 'VENKAY32', ip: '9.236.42.245', os.name: 'Windows 10', os.arch: 'amd64', os.version: '10.0', java.version: '1.8.0_171'
Driver info: org.openqa.selenium.firefox.FirefoxDriver
Capabilities [{moz:profile=C:\Users\VenkatakrishnaY\AppData\Local\Temp\rust_mozprofile.CxNfMvBi4oEs, rotatable=false, timeouts={implicit=0.0, pageLoad=300000.0, script=30000.0}, pageLoadStrategy=normal, moz:headless=false, platform=ANY, specificationLevel=0.0, moz:accessibilityChecks=false, acceptInsecureCerts=false, browserVersion=56.0, platformVersion=10.0, moz:processID=17020.0, browserName=firefox, javascriptEnabled=true, platformName=windows_nt}]
Session ID: 2215c2ae-1dad-421d-83be-8f9f65721ee6
*** Element info: {Using=xpath, value=//input[@name='userid']}
at org.openqa.selenium.remote.http.W3CHttpResponseCodec.decode(W3CHttpResponseCodec.java:113)
at org.openqa.selenium.remote.http.W3CHttpResponseCodec.decode(W3CHttpResponseCodec.java:45)
at org.openqa.selenium.remote.HttpCommandExecutor.execute(HttpCommandExecutor.java:164)
at org.openqa.selenium.remote.service.DriverCommandExecutor.execute(DriverCommandExecutor.java:82)
at org.openqa.selenium.remote.RemoteWebDriver.execute(RemoteWebDriver.java:637)
at org.openqa.selenium.remote.RemoteWebDriver.findElement(RemoteWebDriver.java:410)
at org.openqa.selenium.remote.RemoteWebDriver.findElementByXPath(RemoteWebDriver.java:509)
at org.openqa.selenium.By$ByXPath.findElement(By.java:361)
at org.openqa.selenium.remote.RemoteWebDriver.findElement(RemoteWebDriver.java:402)
at com.TestNGScripts.webdriver.DDTbyDataProvider.LogIn_Test(DDTbyDataProvider.java:56)
... Removed 25 stack frames]]>
    </failure>
  </testcase> <!-- LogIn_Test -->
  <testcase name="LogIn_Test" time="0.018" classname="com.TestNGScripts.webdriver.DDTbyDataProvider">
    <failure type="org.openqa.selenium.UnhandledAlertException" message=": 
Build info: version: &amp;apos;3.4.0&amp;apos;, revision: &amp;apos;unknown&amp;apos;, time: &amp;apos;unknown&amp;apos;
System info: host: &amp;apos;VENKAY32&amp;apos;, ip: &amp;apos;9.236.42.245&amp;apos;, os.name: &amp;apos;Windows 10&amp;apos;, os.arch: &amp;apos;amd64&amp;apos;, os.version: &amp;apos;10.0&amp;apos;, java.version: &amp;apos;1.8.0_171&amp;apos;
Driver info: org.openqa.selenium.firefox.FirefoxDriver
Capabilities [{moz:profile=C:\Users\VenkatakrishnaY\AppData\Local\Temp\rust_mozprofile.CxNfMvBi4oEs, rotatable=false, timeouts={implicit=0.0, pageLoad=300000.0, script=30000.0}, pageLoadStrategy=normal, moz:headless=false, platform=ANY, specificationLevel=0.0, moz:accessibilityChecks=false, acceptInsecureCerts=false, browserVersion=56.0, platformVersion=10.0, moz:processID=17020.0, browserName=firefox, javascriptEnabled=true, platformName=windows_nt}]
Session ID: 2215c2ae-1dad-421d-83be-8f9f65721ee6
*** Element info: {Using=xpath, value=//input[@name=&amp;apos;userid&amp;apos;]}">
      <![CDATA[org.openqa.selenium.UnhandledAlertException: : 
Build info: version: '3.4.0', revision: 'unknown', time: 'unknown'
System info: host: 'VENKAY32', ip: '9.236.42.245', os.name: 'Windows 10', os.arch: 'amd64', os.version: '10.0', java.version: '1.8.0_171'
Driver info: org.openqa.selenium.firefox.FirefoxDriver
Capabilities [{moz:profile=C:\Users\VenkatakrishnaY\AppData\Local\Temp\rust_mozprofile.CxNfMvBi4oEs, rotatable=false, timeouts={implicit=0.0, pageLoad=300000.0, script=30000.0}, pageLoadStrategy=normal, moz:headless=false, platform=ANY, specificationLevel=0.0, moz:accessibilityChecks=false, acceptInsecureCerts=false, browserVersion=56.0, platformVersion=10.0, moz:processID=17020.0, browserName=firefox, javascriptEnabled=true, platformName=windows_nt}]
Session ID: 2215c2ae-1dad-421d-83be-8f9f65721ee6
*** Element info: {Using=xpath, value=//input[@name='userid']}
at org.openqa.selenium.remote.http.W3CHttpResponseCodec.decode(W3CHttpResponseCodec.java:113)
at org.openqa.selenium.remote.http.W3CHttpResponseCodec.decode(W3CHttpResponseCodec.java:45)
at org.openqa.selenium.remote.HttpCommandExecutor.execute(HttpCommandExecutor.java:164)
at org.openqa.selenium.remote.service.DriverCommandExecutor.execute(DriverCommandExecutor.java:82)
at org.openqa.selenium.remote.RemoteWebDriver.execute(RemoteWebDriver.java:637)
at org.openqa.selenium.remote.RemoteWebDriver.findElement(RemoteWebDriver.java:410)
at org.openqa.selenium.remote.RemoteWebDriver.findElementByXPath(RemoteWebDriver.java:509)
at org.openqa.selenium.By$ByXPath.findElement(By.java:361)
at org.openqa.selenium.remote.RemoteWebDriver.findElement(RemoteWebDriver.java:402)
at com.TestNGScripts.webdriver.DDTbyDataProvider.LogIn_Test(DDTbyDataProvider.java:56)
... Removed 25 stack frames]]>
    </failure>
  </testcase> <!-- LogIn_Test -->
</testsuite> <!-- Simple Login Test by DP -->
