<?xml version="1.0" encoding="UTF-8"?>
<!-- Generated by org.testng.reporters.JUnitXMLReporter -->
<testsuite hostname="venkay32" ignored="0" name="Simple Skip Test" tests="2" failures="0" timestamp="26 Sep 2019 12:08:47 GMT" time="13.054" errors="0">
  <testcase name="Intensional_Skip" time="0.023" classname="com.TestNGScripts.webdriver.SkipTest">
    <skipped/>
  </testcase> <!-- Intensional_Skip -->
  <testcase name="Radio_check" time="0.308" classname="com.TestNGScripts.webdriver.SkipTest"/>
</testsuite> <!-- Simple Skip Test -->
