<?xml version="1.0" encoding="UTF-8"?>
<!-- Generated by org.testng.reporters.JUnitXMLReporter -->
<testsuite hostname="venkay32" ignored="1" name="Group Test" tests="3" failures="0" timestamp="21 Oct 2019 14:05:03 GMT" time="0.055" errors="0">
  <testcase name="login" time="0.022" classname="com.AdvancedTestNG.webdriver.GroupAndRunSeleniumTestCases"/>
  <testcase name="checkMail" time="0.0" classname="com.AdvancedTestNG.webdriver.GroupAndRunSeleniumTestCases"/>
  <testcase name="logout" time="0.0" classname="com.AdvancedTestNG.webdriver.GroupAndRunSeleniumTestCases"/>
  <testcase name="viewNews" time="0.0" classname="com.AdvancedTestNG.webdriver.GroupAndRunSeleniumTestCases">
    <ignored/>
  </testcase> <!-- viewNews -->
</testsuite> <!-- Group Test -->
