<?xml version="1.0" encoding="UTF-8"?>
<!-- Generated by org.testng.reporters.JUnitXMLReporter -->
<testsuite hostname="venkay32" ignored="0" name="preserve-order Test" tests="3" failures="0" timestamp="21 Oct 2019 13:10:01 GMT" time="0.069" errors="0">
  <testcase name="testCaseOne_ClassOne" time="0.02" classname="com.AdvancedTestNG.webdriver.POTestOne"/>
  <testcase name="testCaseOne_ClassTwo" time="0.0" classname="com.AdvancedTestNG.webdriver.POTestTwo"/>
  <testcase name="testCaseOne_ClassThree" time="0.016" classname="com.AdvancedTestNG.webdriver.POTestThree"/>
</testsuite> <!-- preserve-order Test -->
