<?xml version="1.0" encoding="UTF-8"?>
<testng-results skipped="0" failed="0" ignored="0" total="1" passed="1">
  <reporter-output>
  </reporter-output>
  <suite name="Default suite" duration-ms="10911" started-at="2019-10-30T21:13:53Z" finished-at="2019-10-30T21:14:04Z">
    <groups>
    </groups>
    <test name="Default test" duration-ms="10911" started-at="2019-10-30T21:13:53Z" finished-at="2019-10-30T21:14:04Z">
      <class name="com.SeleniumWebDriverAdvancedTutorials.webdriver.DeleteSpecificOrAllCookies">
        <test-method status="PASS" signature="setup()[pri:0, instance:com.SeleniumWebDriverAdvancedTutorials.webdriver.DeleteSpecificOrAllCookies@528931cf]" name="setup" is-config="true" duration-ms="10678" started-at="2019-10-30T21:13:53Z" finished-at="2019-10-30T21:14:03Z">
          <reporter-output>
          </reporter-output>
        </test-method> <!-- setup -->
        <test-method status="PASS" signature="deleteCookie()[pri:0, instance:com.SeleniumWebDriverAdvancedTutorials.webdriver.DeleteSpecificOrAllCookies@528931cf]" name="deleteCookie" duration-ms="200" started-at="2019-10-30T21:14:03Z" finished-at="2019-10-30T21:14:04Z">
          <reporter-output>
          </reporter-output>
        </test-method> <!-- deleteCookie -->
      </class> <!-- com.SeleniumWebDriverAdvancedTutorials.webdriver.DeleteSpecificOrAllCookies -->
    </test> <!-- Default test -->
  </suite> <!-- Default suite -->
</testng-results>
