<?xml version="1.0" encoding="UTF-8"?>
<!-- Generated by org.testng.reporters.JUnitXMLReporter -->
<testsuite hostname="venkay32" ignored="0" name="Test in GoogleChrome" tests="2" failures="0" timestamp="27 Sep 2019 11:08:57 GMT" time="9.986" errors="0">
  <testcase name="verify_Message" time="0.396" classname="com.TestNGScripts.webdriver.ParallelTestsExecution"/>
  <testcase name="verify_Title" time="1.608" classname="com.TestNGScripts.webdriver.ParallelTestsExecution"/>
</testsuite> <!-- Test in GoogleChrome -->
