<?xml version="1.0" encoding="UTF-8"?>
<!-- Generated by org.testng.reporters.JUnitXMLReporter -->
<testsuite hostname="venkay32" ignored="0" name="Test in Firefox" tests="2" failures="0" timestamp="27 Sep 2019 11:08:47 GMT" time="12.327" errors="0">
  <testcase name="verify_Message" time="0.533" classname="com.TestNGScripts.webdriver.ParallelTestsExecution"/>
  <testcase name="verify_Title" time="0.036" classname="com.TestNGScripts.webdriver.ParallelTestsExecution"/>
</testsuite> <!-- Test in Firefox -->
